2022-05-05 08:00:05.356065 (MainThread): Running with dbt=0.19.1
2022-05-05 08:00:05.436063 (MainThread): running dbt with arguments Namespace(cls=<class 'dbt.task.list.ListTask'>, debug=False, defer=None, exclude=None, log_cache_events=False, log_format='default', models=None, output='selector', partial_parse=None, profile=None, profiles_dir='C:\\Users\\H157898\\.dbt', project_dir=None, record_timing_info=None, resource_types=[], rpc_method=None, select=None, selector_name=None, single_threaded=True, state=None, strict=False, target=None, test_new_parser=False, use_cache=True, use_colors=None, vars='{}', warn_error=False, which='list', write_json=True)
2022-05-05 08:00:05.439068 (MainThread): Tracking: tracking
2022-05-05 08:00:05.440068 (MainThread): Sending event: {'category': 'dbt', 'action': 'invocation', 'label': 'start', 'context': [<snowplow_tracker.self_describing_json.SelfDescribingJson object at 0x0000018F184CDAF0>, <snowplow_tracker.self_describing_json.SelfDescribingJson object at 0x0000018F18545AF0>, <snowplow_tracker.self_describing_json.SelfDescribingJson object at 0x0000018F18545B20>]}
2022-05-05 08:00:05.476069 (MainThread): Partial parsing not enabled
2022-05-05 08:00:05.510072 (MainThread): Parsing macros\adapters.sql
2022-05-05 08:00:05.567072 (MainThread): Parsing macros\catalog.sql
2022-05-05 08:00:05.602073 (MainThread): Parsing macros\schema_tests.sql
2022-05-05 08:00:05.635074 (MainThread): Parsing macros\materializations\incremental\helpers.sql
2022-05-05 08:00:05.656214 (MainThread): Parsing macros\materializations\incremental\incremental.sql
2022-05-05 08:00:05.678073 (MainThread): Parsing macros\materializations\seed\seed.sql
2022-05-05 08:00:05.710076 (MainThread): Parsing macros\materializations\snapshot\snapshot.sql
2022-05-05 08:00:05.769086 (MainThread): Parsing macros\materializations\snapshot\snapshot_merge.sql
2022-05-05 08:00:05.782088 (MainThread): Parsing macros\materializations\snapshot\strategies.sql
2022-05-05 08:00:05.813079 (MainThread): Parsing macros\core.sql
2022-05-05 08:00:05.828080 (MainThread): Parsing macros\adapters\common.sql
2022-05-05 08:00:05.930082 (MainThread): Parsing macros\etc\datetime.sql
2022-05-05 08:00:06.007084 (MainThread): Parsing macros\etc\get_custom_alias.sql
2022-05-05 08:00:06.042085 (MainThread): Parsing macros\etc\get_custom_database.sql
2022-05-05 08:00:06.096085 (MainThread): Parsing macros\etc\get_custom_schema.sql
2022-05-05 08:00:06.109089 (MainThread): Parsing macros\etc\is_incremental.sql
2022-05-05 08:00:06.135090 (MainThread): Parsing macros\etc\query.sql
2022-05-05 08:00:06.180086 (MainThread): Parsing macros\materializations\helpers.sql
2022-05-05 08:00:06.260088 (MainThread): Parsing macros\materializations\common\merge.sql
2022-05-05 08:00:06.365088 (MainThread): Parsing macros\materializations\incremental\helpers.sql
2022-05-05 08:00:06.394096 (MainThread): Parsing macros\materializations\incremental\incremental.sql
2022-05-05 08:00:06.429093 (MainThread): Parsing macros\materializations\seed\seed.sql
2022-05-05 08:00:06.491128 (MainThread): Parsing macros\materializations\snapshot\snapshot.sql
2022-05-05 08:00:06.569101 (MainThread): Parsing macros\materializations\snapshot\snapshot_merge.sql
2022-05-05 08:00:06.585102 (MainThread): Parsing macros\materializations\snapshot\strategies.sql
2022-05-05 08:00:06.641101 (MainThread): Parsing macros\materializations\table\table.sql
2022-05-05 08:00:06.667100 (MainThread): Parsing macros\materializations\view\create_or_replace_view.sql
2022-05-05 08:00:06.681104 (MainThread): Parsing macros\materializations\view\view.sql
2022-05-05 08:00:06.697105 (MainThread): Parsing macros\schema_tests\accepted_values.sql
2022-05-05 08:00:06.712105 (MainThread): Parsing macros\schema_tests\not_null.sql
2022-05-05 08:00:06.721105 (MainThread): Parsing macros\schema_tests\relationships.sql
2022-05-05 08:00:06.733106 (MainThread): Parsing macros\schema_tests\unique.sql
2022-05-05 08:00:06.743106 (MainThread): Partial parsing not enabled
2022-05-05 08:00:06.925104 (MainThread): [WARNING]: Configuration paths exist in your dbt_project.yml file which do not apply to any resources.
There are 1 unused configuration paths:
- models.dmx_poc.example

2022-05-05 08:00:06.925104 (MainThread): Sending event: {'category': 'dbt', 'action': 'load_project', 'label': 'a2d3299f-7dda-4e45-a2eb-629c343ac4e4', 'context': [<snowplow_tracker.self_describing_json.SelfDescribingJson object at 0x0000018F18625DC0>]}
2022-05-05 08:00:06.964112 (MainThread): write_gpickle is deprecated and will be removed in 3.0.Use ``pickle.dump(G, path, protocol)``
2022-05-05 08:00:06.965112 (MainThread): Sending event: {'category': 'dbt', 'action': 'resource_counts', 'label': 'a2d3299f-7dda-4e45-a2eb-629c343ac4e4', 'context': [<snowplow_tracker.self_describing_json.SelfDescribingJson object at 0x0000018F185C37F0>]}
2022-05-05 08:00:06.965112 (MainThread): Found 0 models, 0 tests, 0 snapshots, 0 analyses, 162 macros, 0 operations, 0 seed files, 0 sources, 0 exposures
2022-05-05 08:00:06.965112 (MainThread): No nodes selected!
2022-05-05 08:00:06.966109 (MainThread): Sending event: {'category': 'dbt', 'action': 'invocation', 'label': 'end', 'context': [<snowplow_tracker.self_describing_json.SelfDescribingJson object at 0x0000018F185C5FA0>, <snowplow_tracker.self_describing_json.SelfDescribingJson object at 0x0000018F18635070>, <snowplow_tracker.self_describing_json.SelfDescribingJson object at 0x0000018F18635040>]}
2022-05-05 08:00:06.966109 (MainThread): Flushing usage events
2022-05-05 08:00:07.082119 (MainThread): The 'warn' method is deprecated, use 'warning' instead
2022-05-05 08:00:07.083115 (MainThread): Error sending message, disabling tracking
