

============================== 2022-01-20 13:24:50.586290 | ecdbccbd-a191-4196-a1de-d809d978d44a ==============================
13:24:50.586290 [info ] [MainThread]: Running with dbt=1.0.1
13:24:50.587292 [debug] [MainThread]: running dbt with arguments Namespace(cls=<class 'dbt.task.init.InitTask'>, debug=None, defer=None, event_buffer_size=None, fail_fast=None, log_cache_events=False, log_format=None, partial_parse=None, printer_width=None, profile=None, profiles_dir='C:\\Users\\H157898\\.dbt', project_dir=None, project_name='dmx_poc', record_timing_info=None, rpc_method=None, send_anonymous_usage_stats=None, single_threaded=False, skip_profile_setup=False, state=None, static_parser=None, target=None, use_colors=None, use_experimental_parser=None, vars='{}', version_check=None, warn_error=None, which='init', write_json=None)
13:24:50.588293 [debug] [MainThread]: Tracking: tracking
13:24:50.590293 [debug] [MainThread]: Sending event: {'category': 'dbt', 'action': 'invocation', 'label': 'start', 'context': [<snowplow_tracker.self_describing_json.SelfDescribingJson object at 0x0000029F3A247FD0>, <snowplow_tracker.self_describing_json.SelfDescribingJson object at 0x0000029F3A247E80>, <snowplow_tracker.self_describing_json.SelfDescribingJson object at 0x0000029F3A247E50>]}
13:24:50.591299 [debug] [MainThread]: Starter project path: c:\users\h157898\appdata\local\programs\python\python38\lib\site-packages\dbt\include\starter_project
13:25:10.546551 [info ] [MainThread]: No sample profile found for oracle.
13:25:10.549550 [info ] [MainThread]: 
Your new dbt project "dmx_poc" was created!

For more information on how to configure the profiles.yml file,
please consult the dbt documentation here:

  https://docs.getdbt.com/docs/configure-your-profile

One more thing:

Need help? Don't hesitate to reach out to us via GitHub issues or on Slack:

  https://community.getdbt.com/

Happy modeling!

13:25:10.554551 [debug] [MainThread]: Sending event: {'category': 'dbt', 'action': 'invocation', 'label': 'end', 'context': [<snowplow_tracker.self_describing_json.SelfDescribingJson object at 0x0000029F35BD2EB0>, <snowplow_tracker.self_describing_json.SelfDescribingJson object at 0x0000029F3A2231C0>, <snowplow_tracker.self_describing_json.SelfDescribingJson object at 0x0000029F3A223580>]}
13:25:10.630549 [warn ] [MainThread]: Error sending message, disabling tracking


============================== 2022-01-20 13:50:07.906761 | 25c1b3a7-7f25-44b0-b0a3-fda9f8be2028 ==============================
13:50:07.906761 [info ] [MainThread]: Running with dbt=1.0.1
13:50:07.907767 [debug] [MainThread]: running dbt with arguments Namespace(cls=<class 'dbt.task.debug.DebugTask'>, config_dir=False, debug=None, defer=None, event_buffer_size=None, fail_fast=None, log_cache_events=False, log_format=None, partial_parse=None, printer_width=None, profile=None, profiles_dir='C:\\Users\\H157898\\.dbt', project_dir=None, record_timing_info=None, rpc_method=None, send_anonymous_usage_stats=None, single_threaded=False, state=None, static_parser=None, target=None, use_colors=None, use_experimental_parser=None, vars='{}', version_check=None, warn_error=None, which='debug', write_json=None)
13:50:07.909762 [debug] [MainThread]: Tracking: tracking
13:50:07.910767 [debug] [MainThread]: Sending event: {'category': 'dbt', 'action': 'invocation', 'label': 'start', 'context': [<snowplow_tracker.self_describing_json.SelfDescribingJson object at 0x000001EEF0097E80>, <snowplow_tracker.self_describing_json.SelfDescribingJson object at 0x000001EEF0097EB0>, <snowplow_tracker.self_describing_json.SelfDescribingJson object at 0x000001EEF0097EE0>]}
13:50:07.970765 [debug] [MainThread]: Executing "git --help"
13:50:08.083762 [debug] [MainThread]: STDOUT: "b"usage: git [--version] [--help] [-C <path>] [-c <name>=<value>]\n           [--exec-path[=<path>]] [--html-path] [--man-path] [--info-path]\n           [-p | --paginate | -P | --no-pager] [--no-replace-objects] [--bare]\n           [--git-dir=<path>] [--work-tree=<path>] [--namespace=<name>]\n           <command> [<args>]\n\nThese are common Git commands used in various situations:\n\nstart a working area (see also: git help tutorial)\n   clone             Clone a repository into a new directory\n   init              Create an empty Git repository or reinitialize an existing one\n\nwork on the current change (see also: git help everyday)\n   add               Add file contents to the index\n   mv                Move or rename a file, a directory, or a symlink\n   restore           Restore working tree files\n   rm                Remove files from the working tree and from the index\n   sparse-checkout   Initialize and modify the sparse-checkout\n\nexamine the history and state (see also: git help revisions)\n   bisect            Use binary search to find the commit that introduced a bug\n   diff              Show changes between commits, commit and working tree, etc\n   grep              Print lines matching a pattern\n   log               Show commit logs\n   show              Show various types of objects\n   status            Show the working tree status\n\ngrow, mark and tweak your common history\n   branch            List, create, or delete branches\n   commit            Record changes to the repository\n   merge             Join two or more development histories together\n   rebase            Reapply commits on top of another base tip\n   reset             Reset current HEAD to the specified state\n   switch            Switch branches\n   tag               Create, list, delete or verify a tag object signed with GPG\n\ncollaborate (see also: git help workflows)\n   fetch             Download objects and refs from another repository\n   pull              Fetch from and integrate with another repository or a local branch\n   push              Update remote refs along with associated objects\n\n'git help -a' and 'git help -g' list available subcommands and some\nconcept guides. See 'git help <command>' or 'git help <concept>'\nto read about a specific subcommand or concept.\nSee 'git help git' for an overview of the system.\n""
13:50:08.083762 [debug] [MainThread]: STDERR: "b''"
13:50:08.092762 [debug] [MainThread]: Acquiring new oracle connection "debug"
13:50:08.092762 [debug] [MainThread]: Opening a new connection, currently in state init
13:50:08.456459 [debug] [MainThread]: On debug: Close
13:50:08.463460 [debug] [MainThread]: Sending event: {'category': 'dbt', 'action': 'invocation', 'label': 'end', 'context': [<snowplow_tracker.self_describing_json.SelfDescribingJson object at 0x000001EEF0160460>, <snowplow_tracker.self_describing_json.SelfDescribingJson object at 0x000001EEF0160910>, <snowplow_tracker.self_describing_json.SelfDescribingJson object at 0x000001EEF0160970>]}
13:50:08.558764 [warn ] [MainThread]: Error sending message, disabling tracking
13:50:08.559771 [debug] [MainThread]: Connection 'debug' was properly closed.


============================== 2022-01-20 13:54:40.141942 | 89aa2d46-46a6-44f4-bf54-c49c8c99956e ==============================
13:54:40.141942 [info ] [MainThread]: Running with dbt=1.0.1
13:54:40.142935 [debug] [MainThread]: running dbt with arguments Namespace(cls=<class 'dbt.task.debug.DebugTask'>, config_dir=False, debug=None, defer=None, event_buffer_size=None, fail_fast=None, log_cache_events=False, log_format=None, partial_parse=None, printer_width=None, profile=None, profiles_dir='C:\\Users\\H157898\\.dbt', project_dir=None, record_timing_info=None, rpc_method=None, send_anonymous_usage_stats=None, single_threaded=False, state=None, static_parser=None, target=None, use_colors=None, use_experimental_parser=None, vars='{}', version_check=None, warn_error=None, which='debug', write_json=None)
13:54:40.144944 [debug] [MainThread]: Tracking: tracking
13:54:40.144944 [debug] [MainThread]: Sending event: {'category': 'dbt', 'action': 'invocation', 'label': 'start', 'context': [<snowplow_tracker.self_describing_json.SelfDescribingJson object at 0x00000158BE552EB0>, <snowplow_tracker.self_describing_json.SelfDescribingJson object at 0x00000158C2BB7EE0>, <snowplow_tracker.self_describing_json.SelfDescribingJson object at 0x00000158C2BB7E80>]}
13:54:40.200936 [debug] [MainThread]: Executing "git --help"
13:54:40.306946 [debug] [MainThread]: STDOUT: "b"usage: git [--version] [--help] [-C <path>] [-c <name>=<value>]\n           [--exec-path[=<path>]] [--html-path] [--man-path] [--info-path]\n           [-p | --paginate | -P | --no-pager] [--no-replace-objects] [--bare]\n           [--git-dir=<path>] [--work-tree=<path>] [--namespace=<name>]\n           <command> [<args>]\n\nThese are common Git commands used in various situations:\n\nstart a working area (see also: git help tutorial)\n   clone             Clone a repository into a new directory\n   init              Create an empty Git repository or reinitialize an existing one\n\nwork on the current change (see also: git help everyday)\n   add               Add file contents to the index\n   mv                Move or rename a file, a directory, or a symlink\n   restore           Restore working tree files\n   rm                Remove files from the working tree and from the index\n   sparse-checkout   Initialize and modify the sparse-checkout\n\nexamine the history and state (see also: git help revisions)\n   bisect            Use binary search to find the commit that introduced a bug\n   diff              Show changes between commits, commit and working tree, etc\n   grep              Print lines matching a pattern\n   log               Show commit logs\n   show              Show various types of objects\n   status            Show the working tree status\n\ngrow, mark and tweak your common history\n   branch            List, create, or delete branches\n   commit            Record changes to the repository\n   merge             Join two or more development histories together\n   rebase            Reapply commits on top of another base tip\n   reset             Reset current HEAD to the specified state\n   switch            Switch branches\n   tag               Create, list, delete or verify a tag object signed with GPG\n\ncollaborate (see also: git help workflows)\n   fetch             Download objects and refs from another repository\n   pull              Fetch from and integrate with another repository or a local branch\n   push              Update remote refs along with associated objects\n\n'git help -a' and 'git help -g' list available subcommands and some\nconcept guides. See 'git help <command>' or 'git help <concept>'\nto read about a specific subcommand or concept.\nSee 'git help git' for an overview of the system.\n""
13:54:40.307941 [debug] [MainThread]: STDERR: "b''"
13:54:40.316942 [debug] [MainThread]: Acquiring new oracle connection "debug"
13:54:40.316942 [debug] [MainThread]: Opening a new connection, currently in state init
13:54:40.692510 [debug] [MainThread]: On debug: Close
13:54:40.699121 [debug] [MainThread]: Sending event: {'category': 'dbt', 'action': 'invocation', 'label': 'end', 'context': [<snowplow_tracker.self_describing_json.SelfDescribingJson object at 0x00000158C2C7D400>, <snowplow_tracker.self_describing_json.SelfDescribingJson object at 0x00000158C2C7D760>, <snowplow_tracker.self_describing_json.SelfDescribingJson object at 0x00000158C2C7D7C0>]}
13:54:40.741000 [warn ] [MainThread]: Error sending message, disabling tracking
13:54:40.741998 [debug] [MainThread]: Connection 'debug' was properly closed.


============================== 2022-01-20 14:00:38.971371 | 0821aac6-adc4-4fe9-8784-3cc022dc9e51 ==============================
14:00:38.971371 [info ] [MainThread]: Running with dbt=1.0.1
14:00:38.974365 [debug] [MainThread]: running dbt with arguments Namespace(cls=<class 'dbt.task.debug.DebugTask'>, config_dir=False, debug=None, defer=None, event_buffer_size=None, fail_fast=None, log_cache_events=False, log_format=None, partial_parse=None, printer_width=None, profile=None, profiles_dir='C:\\Users\\H157898\\.dbt', project_dir=None, record_timing_info=None, rpc_method=None, send_anonymous_usage_stats=None, single_threaded=False, state=None, static_parser=None, target=None, use_colors=None, use_experimental_parser=None, vars='{}', version_check=None, warn_error=None, which='debug', write_json=None)
14:00:38.977372 [debug] [MainThread]: Tracking: tracking
14:00:38.983368 [debug] [MainThread]: Sending event: {'category': 'dbt', 'action': 'invocation', 'label': 'start', 'context': [<snowplow_tracker.self_describing_json.SelfDescribingJson object at 0x000002579EEC8CD0>, <snowplow_tracker.self_describing_json.SelfDescribingJson object at 0x000002579EEC8D00>, <snowplow_tracker.self_describing_json.SelfDescribingJson object at 0x000002579EEC8C10>]}
14:00:39.096364 [debug] [MainThread]: Executing "git --help"
14:00:39.255367 [debug] [MainThread]: STDOUT: "b"usage: git [--version] [--help] [-C <path>] [-c <name>=<value>]\n           [--exec-path[=<path>]] [--html-path] [--man-path] [--info-path]\n           [-p | --paginate | -P | --no-pager] [--no-replace-objects] [--bare]\n           [--git-dir=<path>] [--work-tree=<path>] [--namespace=<name>]\n           <command> [<args>]\n\nThese are common Git commands used in various situations:\n\nstart a working area (see also: git help tutorial)\n   clone             Clone a repository into a new directory\n   init              Create an empty Git repository or reinitialize an existing one\n\nwork on the current change (see also: git help everyday)\n   add               Add file contents to the index\n   mv                Move or rename a file, a directory, or a symlink\n   restore           Restore working tree files\n   rm                Remove files from the working tree and from the index\n   sparse-checkout   Initialize and modify the sparse-checkout\n\nexamine the history and state (see also: git help revisions)\n   bisect            Use binary search to find the commit that introduced a bug\n   diff              Show changes between commits, commit and working tree, etc\n   grep              Print lines matching a pattern\n   log               Show commit logs\n   show              Show various types of objects\n   status            Show the working tree status\n\ngrow, mark and tweak your common history\n   branch            List, create, or delete branches\n   commit            Record changes to the repository\n   merge             Join two or more development histories together\n   rebase            Reapply commits on top of another base tip\n   reset             Reset current HEAD to the specified state\n   switch            Switch branches\n   tag               Create, list, delete or verify a tag object signed with GPG\n\ncollaborate (see also: git help workflows)\n   fetch             Download objects and refs from another repository\n   pull              Fetch from and integrate with another repository or a local branch\n   push              Update remote refs along with associated objects\n\n'git help -a' and 'git help -g' list available subcommands and some\nconcept guides. See 'git help <command>' or 'git help <concept>'\nto read about a specific subcommand or concept.\nSee 'git help git' for an overview of the system.\n""
14:00:39.256364 [debug] [MainThread]: STDERR: "b''"
14:00:39.265364 [debug] [MainThread]: Acquiring new oracle connection "debug"
14:00:39.266370 [debug] [MainThread]: Opening a new connection, currently in state init
14:00:39.268377 [debug] [MainThread]: On debug: No close available on handle
14:00:39.364367 [debug] [MainThread]: Sending event: {'category': 'dbt', 'action': 'invocation', 'label': 'end', 'context': [<snowplow_tracker.self_describing_json.SelfDescribingJson object at 0x000002579EF871F0>, <snowplow_tracker.self_describing_json.SelfDescribingJson object at 0x000002579EF87760>, <snowplow_tracker.self_describing_json.SelfDescribingJson object at 0x000002579EF877C0>]}
14:00:39.409365 [warn ] [MainThread]: Error sending message, disabling tracking
14:00:39.419364 [debug] [MainThread]: Connection 'debug' was properly closed.


============================== 2022-02-11 09:25:40.329652 | d54c82b6-151c-4979-975a-5ac01058b748 ==============================
09:25:40.329652 [info ] [MainThread]: Running with dbt=1.0.1
09:25:40.330640 [debug] [MainThread]: running dbt with arguments Namespace(cls=<class 'dbt.task.debug.DebugTask'>, config_dir=False, debug=None, defer=None, event_buffer_size=None, fail_fast=None, log_cache_events=False, log_format=None, partial_parse=None, printer_width=None, profile=None, profiles_dir='C:\\Users\\R152241\\.dbt', project_dir=None, record_timing_info=None, rpc_method=None, send_anonymous_usage_stats=None, single_threaded=False, state=None, static_parser=None, target=None, use_colors=None, use_experimental_parser=None, vars='{}', version_check=None, warn_error=None, which='debug', write_json=None)
09:25:40.330640 [debug] [MainThread]: Tracking: tracking
09:25:40.379591 [debug] [MainThread]: Sending event: {'category': 'dbt', 'action': 'invocation', 'label': 'start', 'context': [<snowplow_tracker.self_describing_json.SelfDescribingJson object at 0x000001B84042E1C0>, <snowplow_tracker.self_describing_json.SelfDescribingJson object at 0x000001B84042E0A0>, <snowplow_tracker.self_describing_json.SelfDescribingJson object at 0x000001B84042E0D0>]}
09:25:40.475992 [debug] [MainThread]: Executing "git --help"
09:25:40.595116 [debug] [MainThread]: STDOUT: "b"usage: git [--version] [--help] [-C <path>] [-c <name>=<value>]\n           [--exec-path[=<path>]] [--html-path] [--man-path] [--info-path]\n           [-p | --paginate | -P | --no-pager] [--no-replace-objects] [--bare]\n           [--git-dir=<path>] [--work-tree=<path>] [--namespace=<name>]\n           <command> [<args>]\n\nThese are common Git commands used in various situations:\n\nstart a working area (see also: git help tutorial)\n   clone             Clone a repository into a new directory\n   init              Create an empty Git repository or reinitialize an existing one\n\nwork on the current change (see also: git help everyday)\n   add               Add file contents to the index\n   mv                Move or rename a file, a directory, or a symlink\n   restore           Restore working tree files\n   rm                Remove files from the working tree and from the index\n   sparse-checkout   Initialize and modify the sparse-checkout\n\nexamine the history and state (see also: git help revisions)\n   bisect            Use binary search to find the commit that introduced a bug\n   diff              Show changes between commits, commit and working tree, etc\n   grep              Print lines matching a pattern\n   log               Show commit logs\n   show              Show various types of objects\n   status            Show the working tree status\n\ngrow, mark and tweak your common history\n   branch            List, create, or delete branches\n   commit            Record changes to the repository\n   merge             Join two or more development histories together\n   rebase            Reapply commits on top of another base tip\n   reset             Reset current HEAD to the specified state\n   switch            Switch branches\n   tag               Create, list, delete or verify a tag object signed with GPG\n\ncollaborate (see also: git help workflows)\n   fetch             Download objects and refs from another repository\n   pull              Fetch from and integrate with another repository or a local branch\n   push              Update remote refs along with associated objects\n\n'git help -a' and 'git help -g' list available subcommands and some\nconcept guides. See 'git help <command>' or 'git help <concept>'\nto read about a specific subcommand or concept.\nSee 'git help git' for an overview of the system.\n""
09:25:40.596108 [debug] [MainThread]: STDERR: "b''"
09:25:40.601047 [debug] [MainThread]: Acquiring new oracle connection "debug"
09:25:40.601047 [debug] [MainThread]: Opening a new connection, currently in state init
09:25:42.776212 [debug] [MainThread]: On debug: Close
09:25:42.787088 [debug] [MainThread]: Sending event: {'category': 'dbt', 'action': 'invocation', 'label': 'end', 'context': [<snowplow_tracker.self_describing_json.SelfDescribingJson object at 0x000001B8404D19A0>, <snowplow_tracker.self_describing_json.SelfDescribingJson object at 0x000001B8404D81F0>, <snowplow_tracker.self_describing_json.SelfDescribingJson object at 0x000001B8404D8250>]}
09:25:42.949000 [warn ] [MainThread]: Error sending message, disabling tracking
09:25:42.949989 [debug] [MainThread]: Connection 'debug' was properly closed.
